2025-09-01 23:46:00.146 INFO  [http-nio-8080-exec-5] k.c.s.a.SimpleShortenUrlService - shortenUrl 생성: ShortenUrl(originalUrl=https://www.inflearn.com/, shortenUrlKey=Vy9QUa2R, redirectCount=0)
2025-09-01 23:46:00.148 TRACE [http-nio-8080-exec-5] k.c.s.presentation.LoggingFilter - POST /shortenUrl | Body: {
    "originalUrl": "https://www.inflearn.com/"
}
2025-09-01 23:46:02.426 INFO  [http-nio-8080-exec-6] k.c.s.a.SimpleShortenUrlService - shortenUrl 생성: ShortenUrl(originalUrl=https://www.inflearn.com/, shortenUrlKey=sgRm5NQp, redirectCount=0)
2025-09-01 23:46:02.427 TRACE [http-nio-8080-exec-6] k.c.s.presentation.LoggingFilter - POST /shortenUrl | Body: {
    "originalUrl": "https://www.inflearn.com/"
}
2025-09-01 23:46:03.126 INFO  [http-nio-8080-exec-7] k.c.s.a.SimpleShortenUrlService - shortenUrl 생성: ShortenUrl(originalUrl=https://www.inflearn.com/, shortenUrlKey=J8e5NYma, redirectCount=0)
2025-09-01 23:46:03.128 TRACE [http-nio-8080-exec-7] k.c.s.presentation.LoggingFilter - POST /shortenUrl | Body: {
    "originalUrl": "https://www.inflearn.com/"
}
2025-09-01 23:46:03.766 INFO  [http-nio-8080-exec-8] k.c.s.a.SimpleShortenUrlService - shortenUrl 생성: ShortenUrl(originalUrl=https://www.inflearn.com/, shortenUrlKey=tdYV9BJR, redirectCount=0)
2025-09-01 23:46:03.768 TRACE [http-nio-8080-exec-8] k.c.s.presentation.LoggingFilter - POST /shortenUrl | Body: {
    "originalUrl": "https://www.inflearn.com/"
}
2025-09-01 23:46:04.342 INFO  [http-nio-8080-exec-9] k.c.s.a.SimpleShortenUrlService - shortenUrl 생성: ShortenUrl(originalUrl=https://www.inflearn.com/, shortenUrlKey=ExSx8xmR, redirectCount=0)
2025-09-01 23:46:04.344 TRACE [http-nio-8080-exec-9] k.c.s.presentation.LoggingFilter - POST /shortenUrl | Body: {
    "originalUrl": "https://www.inflearn.com/"
}
2025-09-01 23:46:05.115 INFO  [http-nio-8080-exec-10] k.c.s.a.SimpleShortenUrlService - shortenUrl 생성: ShortenUrl(originalUrl=https://www.inflearn.com/, shortenUrlKey=cw8WrSSP, redirectCount=0)
2025-09-01 23:46:05.116 TRACE [http-nio-8080-exec-10] k.c.s.presentation.LoggingFilter - POST /shortenUrl | Body: {
    "originalUrl": "https://www.inflearn.com/"
}
